< C:\DevBin\20230503_CopyPleiadesWSToStoreP\Claes20200001
> C:\home\GitHub\StoreF\DevOld\CopyPleiadesWSToStoreP\Claes20200001
< C:\DevBin\20230503_CopyPleiadesWSToStoreP\doc
T C:\home\GitHub\StoreF\DevOld\CopyPleiadesWSToStoreP\doc
< C:\DevBin\20230503_CopyPleiadesWSToStoreP\out
T C:\home\GitHub\StoreF\DevOld\CopyPleiadesWSToStoreP\out
< C:\DevBin\20230502_Program\HTTCmd\Claes20200001
> C:\home\GitHub\StoreF\DevOld\HTTCmd\Claes20200001
< C:\DevBin\20230502_Program\HTTCmd\doc
T C:\home\GitHub\StoreF\DevOld\HTTCmd\doc
< C:\DevBin\20230502_Program\HTTCmd\out
T C:\home\GitHub\StoreF\DevOld\HTTCmd\out
< C:\DevBin\20230502_Program\HTTCmd\TestData
T C:\home\GitHub\StoreF\DevOld\HTTCmd\TestData
< C:\DevBin\20230502_Program\HTTCmdP\Claes20200001
> C:\home\GitHub\StoreF\DevOld\HTTCmdP\Claes20200001
< C:\DevBin\20230502_Program\HTTCmdP\doc
T C:\home\GitHub\StoreF\DevOld\HTTCmdP\doc
< C:\DevBin\20230502_Program\HTTCmdP\out
T C:\home\GitHub\StoreF\DevOld\HTTCmdP\out
< C:\DevBin\20230502_Program\HTTCmdP\TestData
T C:\home\GitHub\StoreF\DevOld\HTTCmdP\TestData
< C:\DevBin\20230502_Program\RemoteCmdServer\Claes20200001
> C:\home\GitHub\StoreF\DevOld\RemoteCmdServer\Claes20200001
< C:\DevBin\20230502_Program\RemoteCmdServer\doc
T C:\home\GitHub\StoreF\DevOld\RemoteCmdServer\doc
< C:\DevBin\20230502_Program\RemoteCmdServer\out
T C:\home\GitHub\StoreF\DevOld\RemoteCmdServer\out
< C:\DevBin\20230502_Program\RemoteCmdServer\TestData
T C:\home\GitHub\StoreF\DevOld\RemoteCmdServer\TestData
< C:\DevBin\20230501_Test20230424\Claes20200001
> C:\home\GitHub\StoreF\DevOld\Test20230424\Claes20200001
< C:\DevBin\20230501_Test20230424\doc
T C:\home\GitHub\StoreF\DevOld\Test20230424\doc
< C:\DevBin\20230501_Test20230424\out
T C:\home\GitHub\StoreF\DevOld\Test20230424\out
< C:\DevBin\20230499_Program\Test20230491\Claes20200001
> C:\home\GitHub\StoreF\DevOld\Test20230491\Claes20200001
< C:\DevBin\20230499_Program\Test20230491\doc
T C:\home\GitHub\StoreF\DevOld\Test20230491\doc
< C:\DevBin\20230499_Program\Test20230491\out
T C:\home\GitHub\StoreF\DevOld\Test20230491\out
< C:\DevBin\20230499_Program\Test20230492\Claes20200001
> C:\home\GitHub\StoreF\DevOld\Test20230492\Claes20200001
< C:\DevBin\20230499_Program\Test20230492\doc
T C:\home\GitHub\StoreF\DevOld\Test20230492\doc
< C:\DevBin\20230499_Program\Test20230492\out
T C:\home\GitHub\StoreF\DevOld\Test20230492\out
